<?xml version="1.0" encoding="UTF-8"?>
<!-- Generated by org.testng.reporters.JUnitReportReporter -->
<testsuite hostname="CPC-cs7-PY8NBJB" failures="0" tests="3" name="tests.SignupTests" time="5.328" errors="0" timestamp="2026-01-04T21:17:32 IST" skipped="0">
  <testcase classname="tests.SignupTests" name="TC06_verifySignupWithUniqueCredentials" time="2.114"/>
  <testcase classname="tests.SignupTests" name="TC07_verifySignupWithExistingUsername" time="1.747"/>
  <testcase classname="tests.SignupTests" name="TC08_verifySignupWithEmptyFields" time="1.467"/>
</testsuite> <!-- tests.SignupTests -->
