<?xml version="1.0" encoding="UTF-8"?>
<!-- Generated by org.testng.reporters.JUnitReportReporter -->
<testsuite hostname="CPC-cs7-PY8NBJB" failures="0" tests="2" name="tests.AlertResponsiveTests" time="3.601" errors="0" timestamp="2026-01-04T21:17:32 IST" skipped="0">
  <testcase classname="tests.AlertResponsiveTests" name="TC24_testAlertAndPopupStyling" time="3.117"/>
  <testcase classname="tests.AlertResponsiveTests" name="TC25_testHorizontalScrolling" time="0.484"/>
</testsuite> <!-- tests.AlertResponsiveTests -->
