<?xml version="1.0" encoding="UTF-8"?>
<!-- Generated by org.testng.reporters.JUnitReportReporter -->
<testsuite hostname="CPC-cs7-PY8NBJB" failures="0" tests="3" name="tests.UiUxTests" time="1.168" errors="0" timestamp="2026-01-04T21:17:32 IST" skipped="0">
  <testcase classname="tests.UiUxTests" name="TC21_verifyAlignmentOfProductTiles" time="0.872"/>
  <testcase classname="tests.UiUxTests" name="TC22_checkVisibilityOfActionButtons" time="0.105"/>
  <testcase classname="tests.UiUxTests" name="TC23_checkFontConsistencyAcrossPages" time="0.191"/>
</testsuite> <!-- tests.UiUxTests -->
