<?xml version="1.0" encoding="UTF-8"?>
<!-- Generated by org.testng.reporters.JUnitReportReporter -->
<testsuite hostname="CPC-cs7-PY8NBJB" failures="0" tests="5" name="tests.LoginTests" time="12.484" errors="0" timestamp="2026-01-04T21:17:32 IST" skipped="0">
  <testcase classname="tests.LoginTests" name="TC01_verifyLoginWithValidCredentials" time="3.467"/>
  <testcase classname="tests.LoginTests" name="TC02_verifyLoginWithIncorrectPassword" time="1.914"/>
  <testcase classname="tests.LoginTests" name="TC03_verifyLoginWithEmptyFields" time="2.440"/>
  <testcase classname="tests.LoginTests" name="TC04_verifyLoginWithInvalidEmailFormat" time="2.097"/>
  <testcase classname="tests.LoginTests" name="TC05_verifyPasswordFieldMasksInput" time="2.566"/>
</testsuite> <!-- tests.LoginTests -->
