<?xml version="1.0" encoding="UTF-8"?>
<!-- Generated by org.testng.reporters.JUnitReportReporter -->
<testsuite hostname="CPC-cs7-PY8NBJB" failures="0" tests="3" name="tests.OrderTests" time="25.669" errors="0" timestamp="2026-01-04T21:17:32 IST" skipped="0">
  <testcase classname="tests.OrderTests" name="TC13_placeOrderWithValidDetails" time="8.709"/>
  <testcase classname="tests.OrderTests" name="TC14_placeOrderWithEmptyForm" time="10.247"/>
  <testcase classname="tests.OrderTests" name="TC15_verifyOrderConfirmationDetails" time="6.713"/>
</testsuite> <!-- tests.OrderTests -->
