<?xml version="1.0" encoding="UTF-8"?>
<!-- Generated by org.testng.reporters.JUnitReportReporter -->
<testsuite hostname="CPC-cs7-PY8NBJB" failures="0" tests="6" name="tests.NavigationLogoutTests" time="8.894" errors="0" timestamp="2026-01-04T21:17:32 IST" skipped="0">
  <testcase classname="tests.NavigationLogoutTests" name="TC15_browseProductCategories" time="1.786"/>
  <testcase classname="tests.NavigationLogoutTests" name="TC16_verifyCategoryNavigationLinks" time="1.832"/>
  <testcase classname="tests.NavigationLogoutTests" name="TC17_viewProductDetails" time="1.938"/>
  <testcase classname="tests.NavigationLogoutTests" name="TC18_verifyHomeNavigation" time="1.930"/>
  <testcase classname="tests.NavigationLogoutTests" name="TC19_verifyContactNavigation" time="1.095"/>
  <testcase classname="tests.NavigationLogoutTests" name="TC20_verifyLoginLogout" time="0.313"/>
</testsuite> <!-- tests.NavigationLogoutTests -->
