<?xml version="1.0" encoding="UTF-8"?>
<!-- Generated by org.testng.reporters.JUnitXMLReporter -->
<testsuite ignored="0" hostname="CPC-cs7-PY8NBJB" failures="0" tests="23" name="All 25 Scenarios" time="119.307" errors="0" timestamp="2026-01-04T21:17:32 IST">
  <testcase classname="tests.LoginTests" name="TC01_verifyLoginWithValidCredentials" time="3.281"/>
  <testcase classname="tests.LoginTests" name="TC02_verifyLoginWithIncorrectPassword" time="1.758"/>
  <testcase classname="tests.LoginTests" name="TC03_verifyLoginWithEmptyFields" time="1.068"/>
  <testcase classname="tests.LoginTests" name="TC04_verifyLoginWithInvalidEmailFormat" time="1.61"/>
  <testcase classname="tests.LoginTests" name="TC05_verifyPasswordFieldMasksInput" time="1.938"/>
  <testcase classname="tests.SignupTests" name="TC06_verifySignupWithUniqueCredentials" time="1.94"/>
  <testcase classname="tests.SignupTests" name="TC07_verifySignupWithExistingUsername" time="1.535"/>
  <testcase classname="tests.SignupTests" name="TC08_verifySignupWithEmptyFields" time="1.179"/>
  <testcase classname="tests.CartTests" name="cartFunctionalityTest" time="10.724"/>
  <testcase classname="tests.OrderTests" name="TC13_placeOrderWithValidDetails" time="3.827"/>
  <testcase classname="tests.OrderTests" name="TC14_placeOrderWithEmptyForm" time="1.316"/>
  <testcase classname="tests.OrderTests" name="TC15_verifyOrderConfirmationDetails" time="2.112"/>
  <testcase classname="tests.NavigationLogoutTests" name="TC15_browseProductCategories" time="1.786"/>
  <testcase classname="tests.NavigationLogoutTests" name="TC16_verifyCategoryNavigationLinks" time="1.832"/>
  <testcase classname="tests.NavigationLogoutTests" name="TC17_viewProductDetails" time="1.938"/>
  <testcase classname="tests.NavigationLogoutTests" name="TC18_verifyHomeNavigation" time="1.93"/>
  <testcase classname="tests.NavigationLogoutTests" name="TC19_verifyContactNavigation" time="1.095"/>
  <testcase classname="tests.NavigationLogoutTests" name="TC20_verifyLoginLogout" time="0.313"/>
  <testcase classname="tests.UiUxTests" name="TC21_verifyAlignmentOfProductTiles" time="0.872"/>
  <testcase classname="tests.UiUxTests" name="TC22_checkVisibilityOfActionButtons" time="0.105"/>
  <testcase classname="tests.UiUxTests" name="TC23_checkFontConsistencyAcrossPages" time="0.191"/>
  <testcase classname="tests.AlertResponsiveTests" name="TC24_testAlertAndPopupStyling" time="3.117"/>
  <testcase classname="tests.AlertResponsiveTests" name="TC25_testHorizontalScrolling" time="0.484"/>
</testsuite> <!-- All 25 Scenarios -->
