<?xml version="1.0" encoding="UTF-8"?>
<!-- Generated by org.testng.reporters.JUnitXMLReporter -->
<testsuite ignored="0" hostname="CPC-cs7-PY8NBJB" failures="0" tests="3" name="Default test" time="35.875" errors="0" timestamp="2026-01-04T21:15:03 IST">
  <testcase classname="tests.OrderTests" name="TC13_placeOrderWithValidDetails" time="3.509"/>
  <testcase classname="tests.OrderTests" name="TC14_placeOrderWithEmptyForm" time="1.54"/>
  <testcase classname="tests.OrderTests" name="TC15_verifyOrderConfirmationDetails" time="3.33"/>
</testsuite> <!-- Default test -->
